0 info it worked if it ends with ok
1 verbose cli [ 'C:\\Program Files\\nodejs\\node.exe',
1 verbose cli   'C:\\Program Files\\nodejs\\node_modules\\npm\\bin\\npm-cli.js',
1 verbose cli   'run',
1 verbose cli   'publish:dist' ]
2 info using npm@3.10.8
3 info using node@v6.8.0
4 verbose run-script [ 'prepublish:dist', 'publish:dist', 'postpublish:dist' ]
5 info lifecycle npmcli@1.1.0~prepublish:dist: npmcli@1.1.0
6 silly lifecycle npmcli@1.1.0~prepublish:dist: no script for prepublish:dist, continuing
7 info lifecycle npmcli@1.1.0~publish:dist: npmcli@1.1.0
8 verbose lifecycle npmcli@1.1.0~publish:dist: unsafe-perm in lifecycle true
9 verbose lifecycle npmcli@1.1.0~publish:dist: PATH: C:\Users\vcamacho\AppData\Roaming\nvm\v6.8.0\node_modules\npm\bin\node-gyp-bin;C:\workspaces2\npmcli\node_modules\.bin;C:\Users\vcamacho\bin;C:\Program Files\Git\mingw64\bin;C:\Program Files\Git\usr\local\bin;C:\Program Files\Git\usr\bin;C:\Program Files\Git\usr\bin;C:\Program Files\Git\mingw64\bin;C:\Program Files\Git\usr\bin;C:\Users\vcamacho\bin;C:\ProgramData\Oracle\Java\javapath;C:\Ruby200\bin;C:\Windows\system32;C:\Windows;C:\Windows\System32\Wbem;C:\Windows\System32\WindowsPowerShell\v1.0;C:\Program Files (x86)\Toshiba\Bluetooth Toshiba Stack\sys;C:\Program Files (x86)\Toshiba\Bluetooth Toshiba Stack\sys\x64;C:\Program Files (x86)\Intel\OpenCL SDK\2.0\bin\x86;C:\Program Files (x86)\Intel\OpenCL SDK\2.0\bin\x64;C:\Program Files (x86)\IBM\Client Access\Emulator;C:\Program Files (x86)\IBM\Client Access\Shared;C:\Program Files (x86)\IBM\Client Access;C:\HashiCorp\Vag;C:\Python27;C:\Program Files\Microsoft SQL Server\110\Tools\Binn;C:\ProgramData\chocolatey\bin;C:\Users\vcamacho\apache-ant-1.9.6\bin;C:\Program Files\Microsoft SQL Server\120\Tools\Binn;C:\Program Files (x86)\Windows Kits\10\Windows Performance Toolkit;C:\Program Files\Microsoft Windows Performance Toolkit;C:\Program Files (x86)\Skype\Phone;C:\Users\vcamacho\AppData\Roaming\nvm;C:\Program Files\nodejs;C:\Program Files (x86)\QuickTime\QTSystem;C:\Program Files\TortoiseSVN\bin;C:\Program Files\Git\cmd;C:\Users\vcamacho\AppData\Local\atom;C:\Users\vcamacho\AppData\Local\atom\bin;C:\Users\vcamacho\AppData\Roaming\nvm;C:\Program Files\nodejs;C:\Program Files\Git\cmd\git.exe;C:\Program Files\Git\cmd;C:\Program Files\MongoDB\Server\3.2\bin;C:\Program Files (x86)\Microsoft VS Code\bin;C:\Program Files\Git\usr\bin\vendor_perl;C:\Program Files\Git\usr\bin\core_perl
10 verbose lifecycle npmcli@1.1.0~publish:dist: CWD: C:\workspaces2\npmcli
11 silly lifecycle npmcli@1.1.0~publish:dist: Args: [ '/d /s /c', 'npm run build && npm publish dist/' ]
12 silly lifecycle npmcli@1.1.0~publish:dist: Returned: code: 1  signal: null
13 info lifecycle npmcli@1.1.0~publish:dist: Failed to exec publish:dist script
14 verbose stack Error: npmcli@1.1.0 publish:dist: `npm run build && npm publish dist/`
14 verbose stack Exit status 1
14 verbose stack     at EventEmitter.<anonymous> (C:\Users\vcamacho\AppData\Roaming\nvm\v6.8.0\node_modules\npm\lib\utils\lifecycle.js:255:16)
14 verbose stack     at emitTwo (events.js:106:13)
14 verbose stack     at EventEmitter.emit (events.js:191:7)
14 verbose stack     at ChildProcess.<anonymous> (C:\Users\vcamacho\AppData\Roaming\nvm\v6.8.0\node_modules\npm\lib\utils\spawn.js:40:14)
14 verbose stack     at emitTwo (events.js:106:13)
14 verbose stack     at ChildProcess.emit (events.js:191:7)
14 verbose stack     at maybeClose (internal/child_process.js:877:16)
14 verbose stack     at Process.ChildProcess._handle.onexit (internal/child_process.js:226:5)
15 verbose pkgid npmcli@1.1.0
16 verbose cwd C:\workspaces2\npmcli
17 error Windows_NT 6.1.7601
18 error argv "C:\\Program Files\\nodejs\\node.exe" "C:\\Program Files\\nodejs\\node_modules\\npm\\bin\\npm-cli.js" "run" "publish:dist"
19 error node v6.8.0
20 error npm  v3.10.8
21 error code ELIFECYCLE
22 error npmcli@1.1.0 publish:dist: `npm run build && npm publish dist/`
22 error Exit status 1
23 error Failed at the npmcli@1.1.0 publish:dist script 'npm run build && npm publish dist/'.
23 error Make sure you have the latest version of node.js and npm installed.
23 error If you do, this is most likely a problem with the npmcli package,
23 error not with npm itself.
23 error Tell the author that this fails on your system:
23 error     npm run build && npm publish dist/
23 error You can get information on how to open an issue for this project with:
23 error     npm bugs npmcli
23 error Or if that isn't available, you can get their info via:
23 error     npm owner ls npmcli
23 error There is likely additional logging output above.
24 verbose exit [ 1, true ]
